This is pdfTeX, Version 3.14159265-2.6-1.40.20 (TeX Live 2019/Debian) (preloaded format=pdflatex 2021.2.25)  25 FEB 2021 14:06
entering extended mode
 restricted \write18 enabled.
 %&-line parsing enabled.
**mt.tex
(./mt.tex
LaTeX2e <2020-02-02> patch level 2
L3 programming layer <2020-02-14>
(/usr/share/texlive/texmf-dist/tex/latex/base/article.cls
Document Class: article 2019/12/20 v1.4l Standard LaTeX document class
(/usr/share/texlive/texmf-dist/tex/latex/base/size11.clo
File: size11.clo 2019/12/20 v1.4l Standard LaTeX file (size option)
)
\c@part=\count167
\c@section=\count168
\c@subsection=\count169
\c@subsubsection=\count170
\c@paragraph=\count171
\c@subparagraph=\count172
\c@figure=\count173
\c@table=\count174
\abovecaptionskip=\skip47
\belowcaptionskip=\skip48
\bibindent=\dimen134
)
(/usr/share/texlive/texmf-dist/tex/latex/standalone/standalone.sty
Package: standalone 2018/03/26 v1.3a Package to include TeX sub-files with prea
mbles

(/usr/share/texlive/texmf-dist/tex/latex/tools/shellesc.sty
Package: shellesc 2019/11/08 v1.0c unified shell escape interface for LaTeX
Package shellesc Info: Restricted shell escape enabled on input line 77.
)
(/usr/share/texlive/texmf-dist/tex/generic/iftex/ifluatex.sty
Package: ifluatex 2019/10/25 v1.5 ifluatex legacy package. Use iftex instead.

(/usr/share/texlive/texmf-dist/tex/generic/iftex/iftex.sty
Package: iftex 2019/11/07 v1.0c TeX engine tests
))
(/usr/share/texlive/texmf-dist/tex/latex/xkeyval/xkeyval.sty
Package: xkeyval 2014/12/03 v2.7a package option processing (HA)

(/usr/share/texlive/texmf-dist/tex/generic/xkeyval/xkeyval.tex
(/usr/share/texlive/texmf-dist/tex/generic/xkeyval/xkvutils.tex
\XKV@toks=\toks14
\XKV@tempa@toks=\toks15

(/usr/share/texlive/texmf-dist/tex/generic/xkeyval/keyval.tex))
\XKV@depth=\count175
File: xkeyval.tex 2014/12/03 v2.7a key=value parser (HA)
))
(/usr/share/texlive/texmf-dist/tex/latex/currfile/currfile.sty
Package: currfile 2015/04/23 v0.7c Provides the file path elements of the curre
nt input file

(/usr/share/texlive/texmf-dist/tex/latex/kvoptions/kvoptions.sty
Package: kvoptions 2019/11/29 v3.13 Key value format for package options (HO)

(/usr/share/texlive/texmf-dist/tex/generic/ltxcmds/ltxcmds.sty
Package: ltxcmds 2019/12/15 v1.24 LaTeX kernel commands for general use (HO)
)
(/usr/share/texlive/texmf-dist/tex/generic/kvsetkeys/kvsetkeys.sty
Package: kvsetkeys 2019/12/15 v1.18 Key value parser (HO)
))
(/usr/share/texlive/texmf-dist/tex/latex/filehook/filehook.sty
Package: filehook 2020/02/03 v0.7 Hooks for input files
)
\c@currfiledepth=\count176
)
\sa@out=\write3
 (./mt.sta)
(/usr/share/texlive/texmf-dist/tex/latex/gincltex/gincltex.sty
(/usr/share/texlive/texmf-dist/tex/latex/svn-prov/svn-prov.sty
Package: svn-prov 2010/04/24 v3.1862 Package Date/Version from SVN Keywords
)
Package: gincltex 2011/09/04 v0.3 Include external LaTeX files like graphics

(/usr/share/texlive/texmf-dist/tex/latex/adjustbox/adjustbox.sty
Package: adjustbox 2019/01/04 v1.2 Adjusting TeX boxes (trim, clip, ...)

(/usr/share/texlive/texmf-dist/tex/latex/adjustbox/adjcalc.sty
Package: adjcalc 2012/05/16 v1.1 Provides advanced setlength with multiple back
-ends (calc, etex, pgfmath)
)
(/usr/share/texlive/texmf-dist/tex/latex/adjustbox/trimclip.sty
Package: trimclip 2018/04/08 v1.1 Trim and clip general TeX material

(/usr/share/texlive/texmf-dist/tex/latex/graphics/graphicx.sty
Package: graphicx 2019/11/30 v1.2a Enhanced LaTeX Graphics (DPC,SPQR)

(/usr/share/texlive/texmf-dist/tex/latex/graphics/graphics.sty
Package: graphics 2019/11/30 v1.4a Standard LaTeX Graphics (DPC,SPQR)

(/usr/share/texlive/texmf-dist/tex/latex/graphics/trig.sty
Package: trig 2016/01/03 v1.10 sin cos tan (DPC)
)
(/usr/share/texlive/texmf-dist/tex/latex/graphics-cfg/graphics.cfg
File: graphics.cfg 2016/06/04 v1.11 sample graphics configuration
)
Package graphics Info: Driver file: pdftex.def on input line 105.

(/usr/share/texlive/texmf-dist/tex/latex/graphics-def/pdftex.def
File: pdftex.def 2018/01/08 v1.0l Graphics/color driver for pdftex
))
\Gin@req@height=\dimen135
\Gin@req@width=\dimen136
)
(/usr/share/texlive/texmf-dist/tex/latex/collectbox/collectbox.sty
Package: collectbox 2012/05/17 v0.4b Collect macro arguments as boxes
\collectedbox=\box45
)
\tc@llx=\dimen137
\tc@lly=\dimen138
\tc@urx=\dimen139
\tc@ury=\dimen140
Package trimclip Info: Using driver 'tc-pdftex.def'.

(/usr/share/texlive/texmf-dist/tex/latex/adjustbox/tc-pdftex.def
File: tc-pdftex.def 2019/01/04 v2.2 Clipping driver for pdftex
))
\adjbox@Width=\dimen141
\adjbox@Height=\dimen142
\adjbox@Depth=\dimen143
\adjbox@Totalheight=\dimen144
\adjbox@pwidth=\dimen145
\adjbox@pheight=\dimen146
\adjbox@pdepth=\dimen147
\adjbox@ptotalheight=\dimen148

(/usr/share/texlive/texmf-dist/tex/latex/ifoddpage/ifoddpage.sty
Package: ifoddpage 2016/04/23 v1.1 Conditionals for odd/even page detection
\c@checkoddpage=\count177
)
(/usr/share/texlive/texmf-dist/tex/latex/varwidth/varwidth.sty
Package: varwidth 2009/03/30 ver 0.92;  Variable-width minipages
\@vwid@box=\box46
\sift@deathcycles=\count178
\@vwid@loff=\dimen149
\@vwid@roff=\dimen150
))
\gincltex@box=\box47
)
(/usr/share/texlive/texmf-dist/tex/latex/filemod/filemod-expmin.sty
Package: filemod-expmin 2011/09/19 v1.2 Get and compare file modification times
 (expandable; minimal)
))
(/usr/share/texlive/texmf-dist/tex/latex/import/import.sty
Package: import 2009/03/23  v 5.1
)
(/usr/share/texlive/texmf-dist/tex/latex/caption/subcaption.sty
Package: subcaption 2020/01/22 v1.3d Sub-captions (AR)

(/usr/share/texlive/texmf-dist/tex/latex/caption/caption.sty
Package: caption 2020/01/03 v3.4h Customizing captions (AR)

(/usr/share/texlive/texmf-dist/tex/latex/caption/caption3.sty
Package: caption3 2020/01/03 v1.8h caption3 kernel (AR)
Package caption3 Info: TeX engine: e-TeX on input line 61.
\captionmargin=\dimen151
\captionmargin@=\dimen152
\captionwidth=\dimen153
\caption@tempdima=\dimen154
\caption@indent=\dimen155
\caption@parindent=\dimen156
\caption@hangindent=\dimen157
Package caption Info: Standard document class detected.
)
\c@caption@flags=\count179
\c@continuedfloat=\count180
)
\c@subfigure=\count181
\c@subtable=\count182
)
(/usr/share/texlive/texmf-dist/tex/latex/sectsty/sectsty.sty
Package: sectsty 2002/02/25 v2.0.2 Commands to change all sectional heading sty
les


LaTeX Warning: Command \underbar  has changed.
               Check if current package is valid.


LaTeX Warning: Command \underline  has changed.
               Check if current package is valid.

) (/usr/share/texlive/texmf-dist/tex/latex/listings/listings.sty
\lst@mode=\count183
\lst@gtempboxa=\box48
\lst@token=\toks16
\lst@length=\count184
\lst@currlwidth=\dimen158
\lst@column=\count185
\lst@pos=\count186
\lst@lostspace=\dimen159
\lst@width=\dimen160
\lst@newlines=\count187
\lst@lineno=\count188
\lst@maxwidth=\dimen161

(/usr/share/texlive/texmf-dist/tex/latex/listings/lstmisc.sty
File: lstmisc.sty 2019/09/10 1.8c (Carsten Heinz)
\c@lstnumber=\count189
\lst@skipnumbers=\count190
\lst@framebox=\box49
)
(/usr/share/texlive/texmf-dist/tex/latex/listings/listings.cfg
File: listings.cfg 2019/09/10 1.8c listings configuration
))
Package: listings 2019/09/10 1.8c (Carsten Heinz)

(/usr/share/texlive/texmf-dist/tex/latex/hyperref/hyperref.sty
Package: hyperref 2020/01/14 v7.00d Hypertext links for LaTeX

(/usr/share/texlive/texmf-dist/tex/latex/pdftexcmds/pdftexcmds.sty
Package: pdftexcmds 2019/11/24 v0.31 Utility functions of pdfTeX for LuaTeX (HO
)

(/usr/share/texlive/texmf-dist/tex/generic/infwarerr/infwarerr.sty
Package: infwarerr 2019/12/03 v1.5 Providing info/warning/error messages (HO)
)
Package pdftexcmds Info: \pdf@primitive is available.
Package pdftexcmds Info: \pdf@ifprimitive is available.
Package pdftexcmds Info: \pdfdraftmode found.
)
(/usr/share/texlive/texmf-dist/tex/generic/kvdefinekeys/kvdefinekeys.sty
Package: kvdefinekeys 2019-12-19 v1.6 Define keys (HO)
)
(/usr/share/texlive/texmf-dist/tex/generic/pdfescape/pdfescape.sty
Package: pdfescape 2019/12/09 v1.15 Implements pdfTeX's escape features (HO)
)
(/usr/share/texlive/texmf-dist/tex/latex/hycolor/hycolor.sty
Package: hycolor 2020-01-27 v1.10 Color options for hyperref/bookmark (HO)
)
(/usr/share/texlive/texmf-dist/tex/latex/letltxmacro/letltxmacro.sty
Package: letltxmacro 2019/12/03 v1.6 Let assignment for LaTeX macros (HO)
)
(/usr/share/texlive/texmf-dist/tex/latex/auxhook/auxhook.sty
Package: auxhook 2019-12-17 v1.6 Hooks for auxiliary files (HO)
)
\@linkdim=\dimen162
\Hy@linkcounter=\count191
\Hy@pagecounter=\count192

(/usr/share/texlive/texmf-dist/tex/latex/hyperref/pd1enc.def
File: pd1enc.def 2020/01/14 v7.00d Hyperref: PDFDocEncoding definition (HO)
Now handling font encoding PD1 ...
... no UTF-8 mapping file for font encoding PD1
)
(/usr/share/texlive/texmf-dist/tex/generic/intcalc/intcalc.sty
Package: intcalc 2019/12/15 v1.3 Expandable calculations with integers (HO)
)
(/usr/share/texlive/texmf-dist/tex/generic/etexcmds/etexcmds.sty
Package: etexcmds 2019/12/15 v1.7 Avoid name clashes with e-TeX commands (HO)
)
\Hy@SavedSpaceFactor=\count193
\pdfmajorversion=\count194
Package hyperref Info: Hyper figures OFF on input line 4547.
Package hyperref Info: Link nesting OFF on input line 4552.
Package hyperref Info: Hyper index ON on input line 4555.
Package hyperref Info: Plain pages OFF on input line 4562.
Package hyperref Info: Backreferencing OFF on input line 4567.
Package hyperref Info: Implicit mode ON; LaTeX internals redefined.
Package hyperref Info: Bookmarks ON on input line 4800.
\c@Hy@tempcnt=\count195

(/usr/share/texlive/texmf-dist/tex/latex/url/url.sty
\Urlmuskip=\muskip16
Package: url 2013/09/16  ver 3.4  Verb mode for urls, etc.
)
LaTeX Info: Redefining \url on input line 5159.
\XeTeXLinkMargin=\dimen163

(/usr/share/texlive/texmf-dist/tex/generic/bitset/bitset.sty
Package: bitset 2019/12/09 v1.3 Handle bit-vector datatype (HO)

(/usr/share/texlive/texmf-dist/tex/generic/bigintcalc/bigintcalc.sty
Package: bigintcalc 2019/12/15 v1.5 Expandable calculations on big integers (HO
)
))
\Fld@menulength=\count196
\Field@Width=\dimen164
\Fld@charsize=\dimen165
Package hyperref Info: Hyper figures OFF on input line 6430.
Package hyperref Info: Link nesting OFF on input line 6435.
Package hyperref Info: Hyper index ON on input line 6438.
Package hyperref Info: backreferencing OFF on input line 6445.
Package hyperref Info: Link coloring OFF on input line 6450.
Package hyperref Info: Link coloring with OCG OFF on input line 6455.
Package hyperref Info: PDF/A mode OFF on input line 6460.
LaTeX Info: Redefining \ref on input line 6500.
LaTeX Info: Redefining \pageref on input line 6504.

(/usr/share/texlive/texmf-dist/tex/generic/atbegshi/atbegshi.sty
Package: atbegshi 2019/12/05 v1.19 At begin shipout hook (HO)
)
\Hy@abspage=\count197
\c@Item=\count198
\c@Hfootnote=\count199
)
Package hyperref Info: Driver (autodetected): hpdftex.

(/usr/share/texlive/texmf-dist/tex/latex/hyperref/hpdftex.def
File: hpdftex.def 2020/01/14 v7.00d Hyperref driver for pdfTeX

(/usr/share/texlive/texmf-dist/tex/latex/atveryend/atveryend.sty
Package: atveryend 2019-12-11 v1.11 Hooks at the very end of document (HO)
Package atveryend Info: \enddocument detected (standard20110627).
)
\Fld@listcount=\count266
\c@bookmark@seq@number=\count267

(/usr/share/texlive/texmf-dist/tex/latex/rerunfilecheck/rerunfilecheck.sty
Package: rerunfilecheck 2019/12/05 v1.9 Rerun checks for auxiliary files (HO)

(/usr/share/texlive/texmf-dist/tex/generic/uniquecounter/uniquecounter.sty
Package: uniquecounter 2019/12/15 v1.4 Provide unlimited unique counter (HO)
)
Package uniquecounter Info: New unique counter `rerunfilecheck' on input line 2
86.
)
\Hy@SectionHShift=\skip49
)
(/usr/share/texlive/texmf-dist/tex/latex/amsmath/amsmath.sty
Package: amsmath 2020/01/20 v2.17e AMS math features
\@mathmargin=\skip50

For additional information on amsmath, use the `?' option.
(/usr/share/texlive/texmf-dist/tex/latex/amsmath/amstext.sty
Package: amstext 2000/06/29 v2.01 AMS text

(/usr/share/texlive/texmf-dist/tex/latex/amsmath/amsgen.sty
File: amsgen.sty 1999/11/30 v2.0 generic functions
\@emptytoks=\toks17
\ex@=\dimen166
))
(/usr/share/texlive/texmf-dist/tex/latex/amsmath/amsbsy.sty
Package: amsbsy 1999/11/29 v1.2d Bold Symbols
\pmbraise@=\dimen167
)
(/usr/share/texlive/texmf-dist/tex/latex/amsmath/amsopn.sty
Package: amsopn 2016/03/08 v2.02 operator names
)
\inf@bad=\count268
LaTeX Info: Redefining \frac on input line 227.
\uproot@=\count269
\leftroot@=\count270
LaTeX Info: Redefining \overline on input line 389.
\classnum@=\count271
\DOTSCASE@=\count272
LaTeX Info: Redefining \ldots on input line 486.
LaTeX Info: Redefining \dots on input line 489.
LaTeX Info: Redefining \cdots on input line 610.
\Mathstrutbox@=\box50
\strutbox@=\box51
\big@size=\dimen168
LaTeX Font Info:    Redeclaring font encoding OML on input line 733.
LaTeX Font Info:    Redeclaring font encoding OMS on input line 734.
\macc@depth=\count273
\c@MaxMatrixCols=\count274
\dotsspace@=\muskip17
\c@parentequation=\count275
\dspbrk@lvl=\count276
\tag@help=\toks18
\row@=\count277
\column@=\count278
\maxfields@=\count279
\andhelp@=\toks19
\eqnshift@=\dimen169
\alignsep@=\dimen170
\tagshift@=\dimen171
\tagwidth@=\dimen172
\totwidth@=\dimen173
\lineht@=\dimen174
\@envbody=\toks20
\multlinegap=\skip51
\multlinetaggap=\skip52
\mathdisplay@stack=\toks21
LaTeX Info: Redefining \[ on input line 2859.
LaTeX Info: Redefining \] on input line 2860.
)
(/usr/share/texlive/texmf-dist/tex/latex/base/inputenc.sty
Package: inputenc 2018/08/11 v1.3c Input encoding file
\inpenc@prehook=\toks22
\inpenc@posthook=\toks23
)
(/usr/share/texlive/texmf-dist/tex/generic/babel/babel.sty
Package: babel 2020/02/14 3.40 The Babel package

(/usr/share/texlive/texmf-dist/tex/generic/babel/switch.def
File: switch.def 2020/02/14 3.40 Babel switching mechanism
)
(/usr/share/texlive/texmf-dist/tex/generic/babel-english/english.ldf
Language: english 2017/06/06 v3.3r English support from the babel system

(/usr/share/texlive/texmf-dist/tex/generic/babel/babel.def
File: babel.def 2020/02/14 3.40 Babel common definitions
\babel@savecnt=\count280
\U@D=\dimen175

(/usr/share/texlive/texmf-dist/tex/generic/babel/txtbabel.def)
\bbl@readstream=\read2
\bbl@dirlevel=\count281
)
Package babel Info: \l@british = using hyphenrules for english
(babel)             (\language0) on input line 82.
Package babel Info: \l@UKenglish = using hyphenrules for english
(babel)             (\language0) on input line 83.
Package babel Info: \l@canadian = using hyphenrules for english
(babel)             (\language0) on input line 102.
Package babel Info: \l@australian = using hyphenrules for english
(babel)             (\language0) on input line 105.
Package babel Info: \l@newzealand = using hyphenrules for english
(babel)             (\language0) on input line 108.
))
(/usr/share/texlive/texmf-dist/tex/latex/natbib/natbib.sty
Package: natbib 2010/09/13 8.31b (PWD, AO)
\bibhang=\skip53
\bibsep=\skip54
LaTeX Info: Redefining \cite on input line 694.
\c@NAT@ctr=\count282
)
(/usr/share/texlive/texmf-dist/tex/latex/l3backend/l3backend-pdfmode.def
File: l3backend-pdfmode.def 2020-02-03 L3 backend support: PDF mode
\l__kernel_color_stack_int=\count283
\l__pdf_internal_box=\box52
)
(./mt.aux)
\openout1 = `mt.aux'.

LaTeX Font Info:    Checking defaults for OML/cmm/m/it on input line 35.
LaTeX Font Info:    ... okay on input line 35.
LaTeX Font Info:    Checking defaults for OMS/cmsy/m/n on input line 35.
LaTeX Font Info:    ... okay on input line 35.
LaTeX Font Info:    Checking defaults for OT1/cmr/m/n on input line 35.
LaTeX Font Info:    ... okay on input line 35.
LaTeX Font Info:    Checking defaults for T1/cmr/m/n on input line 35.
LaTeX Font Info:    ... okay on input line 35.
LaTeX Font Info:    Checking defaults for TS1/cmr/m/n on input line 35.
LaTeX Font Info:    ... okay on input line 35.
LaTeX Font Info:    Checking defaults for OMX/cmex/m/n on input line 35.
LaTeX Font Info:    ... okay on input line 35.
LaTeX Font Info:    Checking defaults for U/cmr/m/n on input line 35.
LaTeX Font Info:    ... okay on input line 35.
LaTeX Font Info:    Checking defaults for PD1/pdf/m/n on input line 35.
LaTeX Font Info:    ... okay on input line 35.
 (./mt.sta
(/usr/share/texlive/texmf-dist/tex/latex/listings/lstlang1.sty
File: lstlang1.sty 2019/09/10 1.8c listings language file
)
(/usr/share/texlive/texmf-dist/tex/latex/subfiles/subfiles.sty
Package: subfiles 2020/02/14 v1.6 Multi-file projects (package)
)
(/usr/share/texlive/texmf-dist/tex/latex/listings/lstlang1.sty
File: lstlang1.sty 2019/09/10 1.8c listings language file
))
\openout3 = `mt.sta'.


(/usr/share/texlive/texmf-dist/tex/context/base/mkii/supp-pdf.mkii
[Loading MPS to PDF converter (version 2006.09.02).]
\scratchcounter=\count284
\scratchdimen=\dimen176
\scratchbox=\box53
\nofMPsegments=\count285
\nofMParguments=\count286
\everyMPshowfont=\toks24
\MPscratchCnt=\count287
\MPscratchDim=\dimen177
\MPnumerator=\count288
\makeMPintoPDFobject=\count289
\everyMPtoPDFconversion=\toks25
) (/usr/share/texlive/texmf-dist/tex/latex/epstopdf-pkg/epstopdf-base.sty
Package: epstopdf-base 2020-01-24 v2.11 Base part for package epstopdf
Package epstopdf-base Info: Redefining graphics rule for `.eps' on input line 4
85.

(/usr/share/texlive/texmf-dist/tex/latex/latexconfig/epstopdf-sys.cfg
File: epstopdf-sys.cfg 2010/07/13 v1.3 Configuration of (r)epstopdf for TeX Liv
e
))
Package caption Info: Begin \AtBeginDocument code.
Package caption Info: hyperref package is loaded.
Package caption Info: listings package is loaded.
Package caption Info: End \AtBeginDocument code.
\c@lstlisting=\count290
\AtBeginShipoutBox=\box54
Package hyperref Info: Link coloring OFF on input line 35.

(/usr/share/texlive/texmf-dist/tex/latex/hyperref/nameref.sty
Package: nameref 2019/09/16 v2.46 Cross-referencing by name of section

(/usr/share/texlive/texmf-dist/tex/latex/refcount/refcount.sty
Package: refcount 2019/12/15 v3.6 Data extraction from label references (HO)
)
(/usr/share/texlive/texmf-dist/tex/generic/gettitlestring/gettitlestring.sty
Package: gettitlestring 2019/12/15 v1.6 Cleanup title references (HO)
)
\c@section@level=\count291
)
LaTeX Info: Redefining \ref on input line 35.
LaTeX Info: Redefining \pageref on input line 35.
LaTeX Info: Redefining \nameref on input line 35.

(./mt.out) (./mt.out)
\@outlinefile=\write4
\openout4 = `mt.out'.

 (./mt.toc [1

{/var/lib/texmf/fonts/map/pdftex/updmap/pdftex.map}])
\tf@toc=\write5
\openout5 = `mt.toc'.

 (../fdi_pm/latex/fdi_pm.tex
<../fdi_pm/latex/./img/FDI_PM.png, id=227, 1195.46625pt x 727.71875pt>
File: ../fdi_pm/latex/./img/FDI_PM.png Graphic file (type png)
<use ../fdi_pm/latex/./img/FDI_PM.png>
Package pdftex.def Info: ../fdi_pm/latex/./img/FDI_PM.png  used on input line 5
2.
(pdftex.def)             Requested size: 358.64264pt x 218.3173pt.


Package hyperref Warning: Ignoring empty anchor on input line 65.

[2 <../fdi_pm/latex/./img/FDI_PM.png>]
<../fdi_pm/latex/./img/model_based.png, id=240, 782.925pt x 335.2525pt>
File: ../fdi_pm/latex/./img/model_based.png Graphic file (type png)
<use ../fdi_pm/latex/./img/model_based.png>
Package pdftex.def Info: ../fdi_pm/latex/./img/model_based.png  used on input l
ine 89.
(pdftex.def)             Requested size: 211.38829pt x 90.51427pt.
<../fdi_pm/latex/./img/signal_based.png, id=241, 462.528pt x 346.896pt>
File: ../fdi_pm/latex/./img/signal_based.png Graphic file (type png)
<use ../fdi_pm/latex/./img/signal_based.png>
Package pdftex.def Info: ../fdi_pm/latex/./img/signal_based.png  used on input 
line 94.
(pdftex.def)             Requested size: 211.38829pt x 158.54192pt.
 [3 <../fdi_pm/latex/./img/model_based.png> <../fdi_pm/latex/./img/signal_based
.png>]) [4] (../models/latex/models.tex
<../models/latex/./img/model_draw_vec.png, id=259, 351.56343pt x 370.38374pt>
File: ../models/latex/./img/model_draw_vec.png Graphic file (type png)
<use ../models/latex/./img/model_draw_vec.png>
Package pdftex.def Info: ../models/latex/./img/model_draw_vec.png  used on inpu
t line 95.
(pdftex.def)             Requested size: 234.87749pt x 247.44936pt.

[5 <../models/latex/./img/model_draw_vec.png>] [6] [7] [8] [9] [10] [11]
[12] [13]
<../models/latex/./img/equations.png, id=402, 1384.17125pt x 544.0325pt>
File: ../models/latex/./img/equations.png Graphic file (type png)
<use ../models/latex/./img/equations.png>
Package pdftex.def Info: ../models/latex/./img/equations.png  used on input lin
e 635.
(pdftex.def)             Requested size: 469.75499pt x 184.62825pt.
<../models/latex/./img/simscape.png, id=404, 1185.42876pt x 538.01pt>
File: ../models/latex/./img/simscape.png Graphic file (type png)
<use ../models/latex/./img/simscape.png>
Package pdftex.def Info: ../models/latex/./img/simscape.png  used on input line
 646.
(pdftex.def)             Requested size: 469.75499pt x 213.1971pt.
 [14 <../models/latex/./img/equations.png> <../models/latex/./img/simscape.png>
]
<../models/latex/./img/models_comparation.png, id=415, 807.7678pt x 622.57594pt
>
File: ../models/latex/./img/models_comparation.png Graphic file (type png)
<use ../models/latex/./img/models_comparation.png>
Package pdftex.def Info: ../models/latex/./img/models_comparation.png  used on 
input line 660.
(pdftex.def)             Requested size: 469.75499pt x 362.06326pt.
 [15 <../models/latex/./img/models_comparation.png>]) [16]
(../sb_pm/latex/sb_pm.tex
<../sb_pm/latex/./img/data_example1.png, id=432, 679.4951pt x 443.83206pt>
File: ../sb_pm/latex/./img/data_example1.png Graphic file (type png)
<use ../sb_pm/latex/./img/data_example1.png>
Package pdftex.def Info: ../sb_pm/latex/./img/data_example1.png  used on input 
line 75.
(pdftex.def)             Requested size: 258.36667pt x 168.75952pt.

Overfull \hbox (23.48918pt too wide) in paragraph at lines 75--76
 [][] 
 []

<../sb_pm/latex/./img/data_example2.png, id=433, 679.4951pt x 441.47543pt>
File: ../sb_pm/latex/./img/data_example2.png Graphic file (type png)
<use ../sb_pm/latex/./img/data_example2.png>
Package pdftex.def Info: ../sb_pm/latex/./img/data_example2.png  used on input 
line 79.
(pdftex.def)             Requested size: 258.36667pt x 167.86345pt.

Overfull \hbox (23.48918pt too wide) in paragraph at lines 79--80
 [][] 
 []

<../sb_pm/latex/./img/data_example3.png, id=434, 678.70956pt x 446.18869pt>
File: ../sb_pm/latex/./img/data_example3.png Graphic file (type png)
<use ../sb_pm/latex/./img/data_example3.png>
Package pdftex.def Info: ../sb_pm/latex/./img/data_example3.png  used on input 
line 89.
(pdftex.def)             Requested size: 258.36667pt x 169.85303pt.

Overfull \hbox (23.48918pt too wide) in paragraph at lines 89--90
 [][] 
 []

<../sb_pm/latex/./img/lever_positions.png, id=435, 645.71674pt x 418.69467pt>
File: ../sb_pm/latex/./img/lever_positions.png Graphic file (type png)
<use ../sb_pm/latex/./img/lever_positions.png>
Package pdftex.def Info: ../sb_pm/latex/./img/lever_positions.png  used on inpu
t line 94.
(pdftex.def)             Requested size: 258.36667pt x 167.5324pt.

Overfull \hbox (23.48918pt too wide) in paragraph at lines 94--95
 [][] 
 []

<../sb_pm/latex/./img/preprocessed_data.png, id=437, 676.35294pt x 482.3237pt>
File: ../sb_pm/latex/./img/preprocessed_data.png Graphic file (type png)
<use ../sb_pm/latex/./img/preprocessed_data.png>
Package pdftex.def Info: ../sb_pm/latex/./img/preprocessed_data.png  used on in
put line 114.
(pdftex.def)             Requested size: 375.80542pt x 267.99455pt.

LaTeX Warning: `!h' float specifier changed to `!ht'.

[17 <../sb_pm/latex/./img/data_example1.png (PNG copy)> <../sb_pm/latex/./img/d
ata_example2.png (PNG copy)>]

LaTeX Warning: `h' float specifier changed to `ht'.


LaTeX Warning: Reference `feat' on page 18 undefined on input line 154.

[18 <../sb_pm/latex/./img/data_example3.png (PNG copy)> <../sb_pm/latex/./img/l
ever_positions.png (PNG copy)> <../sb_pm/latex/./img/preprocessed_data.png (PNG
 copy)>]
<../sb_pm/latex/./img/conf_matrix_kw_ranked.png, id=453, 628.43478pt x 471.3260
8pt>
File: ../sb_pm/latex/./img/conf_matrix_kw_ranked.png Graphic file (type png)
<use ../sb_pm/latex/./img/conf_matrix_kw_ranked.png>
Package pdftex.def Info: ../sb_pm/latex/./img/conf_matrix_kw_ranked.png  used o
n input line 168.
(pdftex.def)             Requested size: 258.36667pt x 193.77715pt.

Overfull \hbox (23.48918pt too wide) in paragraph at lines 168--169
 [][] 
 []

<../sb_pm/latex/./img/model_kw_ranked_pca.png, id=454, 628.43478pt x 471.32608p
t>
File: ../sb_pm/latex/./img/model_kw_ranked_pca.png Graphic file (type png)
<use ../sb_pm/latex/./img/model_kw_ranked_pca.png>
Package pdftex.def Info: ../sb_pm/latex/./img/model_kw_ranked_pca.png  used on 
input line 174.
(pdftex.def)             Requested size: 258.36667pt x 193.77715pt.

Overfull \hbox (23.48918pt too wide) in paragraph at lines 174--175
 [][] 
 []

) [19 <../sb_pm/latex/./img/conf_matrix_kw_ranked.png (PNG copy)> <../sb_pm/lat
ex/./img/model_kw_ranked_pca.png (PNG copy)>] [20]
Package atveryend Info: Empty hook `BeforeClearDocument' on input line 67.
Package atveryend Info: Empty hook `AfterLastShipout' on input line 67.
 (./mt.aux)
Package atveryend Info: Executing hook `AtVeryEndDocument' on input line 67.
Package atveryend Info: Executing hook `AtEndAfterFileList' on input line 67.
Package rerunfilecheck Info: File `mt.out' has not changed.
(rerunfilecheck)             Checksum: B47F1B780E6163595904228621E774FB;2893.


LaTeX Warning: There were undefined references.

Package atveryend Info: Empty hook `AtVeryVeryEnd' on input line 67.
 ) 
Here is how much of TeX's memory you used:
 11200 strings out of 483183
 174692 string characters out of 5966292
 653014 words of memory out of 5000000
 25806 multiletter control sequences out of 15000+600000
 542882 words of font info for 60 fonts, out of 8000000 for 9000
 14 hyphenation exceptions out of 8191
 67i,17n,100p,579b,595s stack positions out of 5000i,500n,10000p,200000b,80000s
 </home/artof/.texlive2019/texmf-var/fonts/pk/ljfour/jknappen/ec/tcrm1095.600
pk></usr/share/texlive/texmf-dist/fonts/type1/public/amsfonts/cm/cmbx10.pfb></u
sr/share/texlive/texmf-dist/fonts/type1/public/amsfonts/cm/cmbx12.pfb></usr/sha
re/texlive/texmf-dist/fonts/type1/public/amsfonts/cm/cmbx9.pfb></usr/share/texl
ive/texmf-dist/fonts/type1/public/amsfonts/cm/cmex10.pfb></usr/share/texlive/te
xmf-dist/fonts/type1/public/amsfonts/cmextra/cmex8.pfb></usr/share/texlive/texm
f-dist/fonts/type1/public/amsfonts/cm/cmmi10.pfb></usr/share/texlive/texmf-dist
/fonts/type1/public/amsfonts/cm/cmmi6.pfb></usr/share/texlive/texmf-dist/fonts/
type1/public/amsfonts/cm/cmmi8.pfb></usr/share/texlive/texmf-dist/fonts/type1/p
ublic/amsfonts/cm/cmmib10.pfb></usr/share/texlive/texmf-dist/fonts/type1/public
/amsfonts/cm/cmr10.pfb></usr/share/texlive/texmf-dist/fonts/type1/public/amsfon
ts/cm/cmr12.pfb></usr/share/texlive/texmf-dist/fonts/type1/public/amsfonts/cm/c
mr17.pfb></usr/share/texlive/texmf-dist/fonts/type1/public/amsfonts/cm/cmr6.pfb
></usr/share/texlive/texmf-dist/fonts/type1/public/amsfonts/cm/cmr8.pfb></usr/s
hare/texlive/texmf-dist/fonts/type1/public/amsfonts/cm/cmr9.pfb></usr/share/tex
live/texmf-dist/fonts/type1/public/amsfonts/cm/cmsy10.pfb></usr/share/texlive/t
exmf-dist/fonts/type1/public/amsfonts/cm/cmsy6.pfb></usr/share/texlive/texmf-di
st/fonts/type1/public/amsfonts/cm/cmsy8.pfb>
Output written on mt.pdf (20 pages, 812188 bytes).
PDF statistics:
 560 PDF objects out of 1000 (max. 8388607)
 493 compressed objects within 5 object streams
 147 named destinations out of 1000 (max. 500000)
 407 words of extra memory for PDF output out of 10000 (max. 10000000)

