\BOOKMARK [1][-]{section.1}{Models}{}% 1
\BOOKMARK [2][-]{subsection.1.1}{General 1DOF model dynamic}{section.1}% 2
\BOOKMARK [2][-]{subsection.1.2}{Model overview}{section.1}% 3
\BOOKMARK [2][-]{subsection.1.3}{Hard stop}{section.1}% 4
\BOOKMARK [2][-]{subsection.1.4}{General physical principles}{section.1}% 5
\BOOKMARK [3][-]{subsubsection.1.4.1}{Thermodynamics}{subsection.1.4}% 6
\BOOKMARK [3][-]{subsubsection.1.4.2}{Equation of state}{subsection.1.4}% 7
\BOOKMARK [3][-]{subsubsection.1.4.3}{Isothermal process}{subsection.1.4}% 8
\BOOKMARK [3][-]{subsubsection.1.4.4}{Adiabatic process}{subsection.1.4}% 9
\BOOKMARK [3][-]{subsubsection.1.4.5}{Bernoulli's principle}{subsection.1.4}% 10
\BOOKMARK [3][-]{subsubsection.1.4.6}{Fluid mechanics}{subsection.1.4}% 11
\BOOKMARK [3][-]{subsubsection.1.4.7}{Air expansion from tank}{subsection.1.4}% 12
\BOOKMARK [3][-]{subsubsection.1.4.8}{Critical flow velocity}{subsection.1.4}% 13
\BOOKMARK [2][-]{subsection.1.5}{Pneumatic actuator model}{section.1}% 14
\BOOKMARK [3][-]{subsubsection.1.5.1}{Pressure models}{subsection.1.5}% 15
\BOOKMARK [3][-]{subsubsection.1.5.2}{Input/Output mass flows}{subsection.1.5}% 16
\BOOKMARK [3][-]{subsubsection.1.5.3}{Differential equation for Temperature change}{subsection.1.5}% 17
\BOOKMARK [3][-]{subsubsection.1.5.4}{Valve model}{subsection.1.5}% 18
\BOOKMARK [2][-]{subsection.1.6}{Mechanical assembly}{section.1}% 19
\BOOKMARK [1][-]{section.2}{Models based on approximation}{}% 20
\BOOKMARK [2][-]{subsection.2.1}{State-space model}{section.2}% 21
\BOOKMARK [2][-]{subsection.2.2}{ARX model}{section.2}% 22
\BOOKMARK [1][-]{section.3}{Models comparison}{}% 23
\BOOKMARK [2][-]{subsection.3.1}{Model based on equations}{section.3}% 24
\BOOKMARK [2][-]{subsection.3.2}{Model Simscape}{section.3}% 25
\BOOKMARK [2][-]{subsection.3.3}{Comparison}{section.3}% 26
\BOOKMARK [1][-]{section.4}{Parameter identification}{}% 27
\BOOKMARK [2][-]{subsection.4.1}{Mechanical assembly}{section.4}% 28
\BOOKMARK [2][-]{subsection.4.2}{Cylinder}{section.4}% 29
\BOOKMARK [2][-]{subsection.4.3}{Valve}{section.4}% 30
